Executing: stoq dbadmin updateschema -v -d stoq -H localhost -p 5432 -u stoq

02:18:09 stoqlib.database.settings Connecting to postgres://stoq@localhost:5432/stoq?isolation=read-committed

02:18:09 stoqlib.database.migration Upgrading database (plugins=True, backup=True)

02:18:09 stoqlib.database.migration Locking database

02:18:09 stoqlib.database.migration Releasing database lock

02:18:09 stoqlib.database.settings Testing database connectivity using command line tools

02:18:09 stoqlib.database.settings executing psql -n -q -w --variable ON_ERROR_STOP= -c SELECT 1; -U stoq -h localhost -p 5432 stoq

02:18:09 stoqlib.database.migration Making a backup to /tmp/stoq-dump-d_yy9rdi

02:18:09 stoqlib.database.create BACKUP-START:

02:18:09 stoqlib.database.settings Dumping database to /tmp/stoq-dump-d_yy9rdi

02:18:09 stoqlib.database.settings executing pg_dump --format=custom --encoding=UTF-8 -f /tmp/stoq-dump-d_yy9rdi -U stoq -h localhost -p 5432 stoq

02:18:22 stoqlib.lib.pluginmanager Eggs cache created in /tmp/stoqa8a9gt8_eggs

02:18:23 stoqlib.database.migration Updating schema

02:18:23 stoqlib.database.settings Connecting to postgres://stoq@localhost:5432/stoq?isolation=read-committed

02:18:23 stoqlib.database.settings Executing SQL script /tmp/stoqfunctions-vsin5nbd database locked=False

02:18:23 stoqlib.database.settings executing psql -U stoq -h localhost -p 5432 -n -q -f - --variable ON_ERROR_STOP= stoq

02:18:23 stoqlib.database.migration Applying 11 patches

02:18:23 stoqlib.database.create PATCHES:11

02:18:23 stoqlib.database.create PATCH:6.1

02:18:23 stoqlib.database.settings Executing SQL script /tmp/patch-6-1-d6c7t5cy database locked=False

02:18:23 stoqlib.database.settings executing psql -U stoq -h localhost -p 5432 -n -q -f - --variable ON_ERROR_STOP= stoq

02:18:23 stoqlib.database.create PATCH:6.2

02:18:23 stoqlib.database.settings Executing SQL script /tmp/patch-6-2-s3al7ihm database locked=False

02:18:23 stoqlib.database.settings executing psql -U stoq -h localhost -p 5432 -n -q -f - --variable ON_ERROR_STOP= stoq

Traceback (most recent call last):

  File "/usr/lib/python3.5/dist-packages/stoqlib/database/migration.py", line 439, in update

    super(StoqlibSchemaMigration, self).update()

  File "/usr/lib/python3.5/dist-packages/stoqlib/database/migration.py", line 313, in update

    from_, to = self._update_schema()

  File "/usr/lib/python3.5/dist-packages/stoqlib/database/migration.py", line 235, in _update_schema

    patch.apply(self.default_store)

  File "/usr/lib/python3.5/dist-packages/stoqlib/database/migration.py", line 114, in apply

    retcode = db_settings.execute_sql(temporary)

  File "/usr/lib/python3.5/dist-packages/stoqlib/database/settings.py", line 590, in execute_sql

    raise SQLError(stderr[:-1].decode())

stoqlib.database.exceptions.SQLError: psql:<stdin>:89: ERROR:  constraint "production_order_identifier_branch_id_key" of relation "production_order" does not exist

02:18:43 stoqlib.lib.crashreport.CustomRavenClient Configuring Raven for host: <raven.conf.remote.RemoteConfig object at 0x7fdd22556cc0>

02:18:43 stoqlib.lib.crashreport.CustomRavenClient Sending message of length 3002 to https://sentry.stoq.com.br/api/4/store/

02:18:43 stoqlib.database.create ERROR:Traceback (most recent call last):

  File "/usr/lib/python3.5/dist-packages/stoqlib/database/migration.py", line 439, in update

    super(StoqlibSchemaMigration, self).update()

  File "/usr/lib/python3.5/dist-packages/stoqlib/database/migration.py", line 313, in update

    from_, to = self._update_schema()

  File "/usr/lib/python3.5/dist-packages/stoqlib/database/migration.py", line 235, in _update_schema

    patch.apply(self.default_store)

  File "/usr/lib/python3.5/dist-packages/stoqlib/database/migration.py", line 114, in apply

    retcode = db_settings.execute_sql(temporary)

  File "/usr/lib/python3.5/dist-packages/stoqlib/database/settings.py", line 590, in execute_sql

    raise SQLError(stderr[:-1].decode())

stoqlib.database.exceptions.SQLError: psql:<stdin>:89: ERROR:  constraint "production_order_identifier_branch_id_key" of relation "production_order" does not exist



02:18:43 stoqlib.database.migration Restoring backup /tmp/stoq-dump-d_yy9rdi

02:18:43 stoqlib.database.create RESTORE-START:

02:18:43 stoqlib.database.settings Restoring database stoq using /tmp/stoq-dump-d_yy9rdi

02:18:43 stoqlib.database.settings Cleaning database stoq__backup_20191215_0218

02:18:43 stoqlib.database.settings Connecting to postgres://stoq@localhost:5432/postgres?isolation=read-committed

02:18:43 stoqlib.database.settings Connecting to postgres://stoq@localhost:5432/postgres?isolation=read-committed

02:18:43 stoqlib.database.settings Dropped database stoq__backup_20191215_0218

02:18:43 stoqlib.database.settings Connecting to postgres://stoq@localhost:5432/postgres?isolation=read-committed

02:18:45 stoqlib.database.settings executing pg_restore -d stoq__backup_20191215_0218 -U stoq -h localhost -p 5432 /tmp/stoq-dump-d_yy9rdi

02:18:45 stoqlib.database.create RESTORE-DONE:stoq__backup_20191215_0218


